e:\lib\nam 3\ky 1\nhap mon phat trien game\do an game\trunk\battlecity\battlecity\debug\vc120.pdb
e:\lib\nam 3\ky 1\nhap mon phat trien game\do an game\trunk\battlecity\battlecity\debug\vc120.idb
e:\lib\nam 3\ky 1\nhap mon phat trien game\do an game\trunk\battlecity\battlecity\debug\brickwall.obj
e:\lib\nam 3\ky 1\nhap mon phat trien game\do an game\trunk\battlecity\battlecity\debug\bullet.obj
e:\lib\nam 3\ky 1\nhap mon phat trien game\do an game\trunk\battlecity\battlecity\debug\collisionmanager.obj
e:\lib\nam 3\ky 1\nhap mon phat trien game\do an game\trunk\battlecity\battlecity\debug\dynamicobject.obj
e:\lib\nam 3\ky 1\nhap mon phat trien game\do an game\trunk\battlecity\battlecity\debug\game.obj
e:\lib\nam 3\ky 1\nhap mon phat trien game\do an game\trunk\battlecity\battlecity\debug\keyboard.obj
e:\lib\nam 3\ky 1\nhap mon phat trien game\do an game\trunk\battlecity\battlecity\debug\map.obj
e:\lib\nam 3\ky 1\nhap mon phat trien game\do an game\trunk\battlecity\battlecity\debug\myrectangle.obj
e:\lib\nam 3\ky 1\nhap mon phat trien game\do an game\trunk\battlecity\battlecity\debug\object.obj
e:\lib\nam 3\ky 1\nhap mon phat trien game\do an game\trunk\battlecity\battlecity\debug\playertank.obj
e:\lib\nam 3\ky 1\nhap mon phat trien game\do an game\trunk\battlecity\battlecity\debug\shootableobject.obj
e:\lib\nam 3\ky 1\nhap mon phat trien game\do an game\trunk\battlecity\battlecity\debug\sprite.obj
e:\lib\nam 3\ky 1\nhap mon phat trien game\do an game\trunk\battlecity\battlecity\debug\spritemanager.obj
e:\lib\nam 3\ky 1\nhap mon phat trien game\do an game\trunk\battlecity\battlecity\debug\staticobject.obj
e:\lib\nam 3\ky 1\nhap mon phat trien game\do an game\trunk\battlecity\battlecity\debug\steelwall.obj
e:\lib\nam 3\ky 1\nhap mon phat trien game\do an game\trunk\battlecity\battlecity\debug\window.obj
e:\lib\nam 3\ky 1\nhap mon phat trien game\do an game\trunk\battlecity\battlecity\debug\winmain.obj
h:\do an game\trunk\battlecity\battlecity\debug\vc120.pdb
h:\do an game\trunk\battlecity\battlecity\debug\vc120.idb
h:\do an game\trunk\battlecity\battlecity\debug\brickwall.obj
h:\do an game\trunk\battlecity\battlecity\debug\bullet.obj
h:\do an game\trunk\battlecity\battlecity\debug\collisionmanager.obj
h:\do an game\trunk\battlecity\battlecity\debug\dynamicobject.obj
h:\do an game\trunk\battlecity\battlecity\debug\game.obj
h:\do an game\trunk\battlecity\battlecity\debug\keyboard.obj
h:\do an game\trunk\battlecity\battlecity\debug\map.obj
h:\do an game\trunk\battlecity\battlecity\debug\myrectangle.obj
h:\do an game\trunk\battlecity\battlecity\debug\object.obj
h:\do an game\trunk\battlecity\battlecity\debug\playertank.obj
h:\do an game\trunk\battlecity\battlecity\debug\shootableobject.obj
h:\do an game\trunk\battlecity\battlecity\debug\sprite.obj
h:\do an game\trunk\battlecity\battlecity\debug\spritemanager.obj
h:\do an game\trunk\battlecity\battlecity\debug\staticobject.obj
h:\do an game\trunk\battlecity\battlecity\debug\steelwall.obj
h:\do an game\trunk\battlecity\battlecity\debug\window.obj
h:\do an game\trunk\battlecity\battlecity\debug\winmain.obj
e:\lib\nam 3\ky 1\nhap mon phat trien game\do an game\trunk\battlecity\debug\battlecity.ilk
e:\lib\nam 3\ky 1\nhap mon phat trien game\do an game\trunk\battlecity\debug\battlecity.exe
e:\lib\nam 3\ky 1\nhap mon phat trien game\do an game\trunk\battlecity\debug\battlecity.pdb
h:\do an game\trunk\battlecity\debug\battlecity.ilk
h:\do an game\trunk\battlecity\debug\battlecity.exe
h:\do an game\trunk\battlecity\debug\battlecity.pdb
h:\do an game\trunk\battlecity\battlecity\debug\battlecity.tlog\cl.command.1.tlog
h:\do an game\trunk\battlecity\battlecity\debug\battlecity.tlog\cl.read.1.tlog
h:\do an game\trunk\battlecity\battlecity\debug\battlecity.tlog\cl.write.1.tlog
h:\do an game\trunk\battlecity\battlecity\debug\battlecity.tlog\link.command.1.tlog
h:\do an game\trunk\battlecity\battlecity\debug\battlecity.tlog\link.read.1.tlog
h:\do an game\trunk\battlecity\battlecity\debug\battlecity.tlog\link.write.1.tlog
